{"C:\\Users\\carol\\SAP010-burger-queen-api\\config.js": {"path":"C:\\Users\\carol\\SAP010-burger-queen-api\\config.js","statementMap":{"0":{"start":{"line":1,"column":0},"end":{"line":1,"column":27}},"1":{"start":{"line":3,"column":17},"end":{"line":14,"column":1}},"2":{"start":{"line":15,"column":19},"end":{"line":15,"column":45}},"3":{"start":{"line":16,"column":22},"end":{"line":16,"column":51}},"4":{"start":{"line":17,"column":15},"end":{"line":17,"column":37}},"5":{"start":{"line":18,"column":13},"end":{"line":18,"column":37}},"6":{"start":{"line":19,"column":18},"end":{"line":19,"column":70}},"7":{"start":{"line":21,"column":0},"end":{"line":28,"column":2}}},"fnMap":{},"branchMap":{"0":{"loc":{"start":{"line":9,"column":12},"end":{"line":9,"column":92}},"type":"cond-expr","locations":[{"start":{"line":9,"column":46},"end":{"line":9,"column":70}},{"start":{"line":9,"column":73},"end":{"line":9,"column":92}}],"line":9},"1":{"loc":{"start":{"line":18,"column":13},"end":{"line":18,"column":37}},"type":"binary-expr","locations":[{"start":{"line":18,"column":13},"end":{"line":18,"column":29}},{"start":{"line":18,"column":33},"end":{"line":18,"column":37}}],"line":18},"2":{"loc":{"start":{"line":19,"column":18},"end":{"line":19,"column":70}},"type":"binary-expr","locations":[{"start":{"line":19,"column":18},"end":{"line":19,"column":40}},{"start":{"line":19,"column":44},"end":{"line":19,"column":70}}],"line":19}},"s":{"0":1,"1":1,"2":1,"3":1,"4":1,"5":1,"6":1,"7":1},"f":{},"b":{"0":[1,0],"1":[1,1],"2":[1,1]},"_coverageSchema":"1a1c01bbd47fc00a2c39e90264f33305004495a9","hash":"e3df51de402bd7cb6fe63362f42724de2c507500"}
,"C:\\Users\\carol\\SAP010-burger-queen-api\\controllers\\authController.js": {"path":"C:\\Users\\carol\\SAP010-burger-queen-api\\controllers\\authController.js","statementMap":{"0":{"start":{"line":1,"column":15},"end":{"line":1,"column":32}},"1":{"start":{"line":2,"column":12},"end":{"line":2,"column":35}},"2":{"start":{"line":3,"column":13},"end":{"line":3,"column":38}},"3":{"start":{"line":4,"column":19},"end":{"line":4,"column":39}},"4":{"start":{"line":6,"column":0},"end":{"line":35,"column":2}},"5":{"start":{"line":7,"column":2},"end":{"line":34,"column":3}},"6":{"start":{"line":8,"column":32},"end":{"line":8,"column":40}},"7":{"start":{"line":10,"column":4},"end":{"line":12,"column":5}},"8":{"start":{"line":11,"column":6},"end":{"line":11,"column":70}},"9":{"start":{"line":14,"column":17},"end":{"line":14,"column":57}},"10":{"start":{"line":16,"column":4},"end":{"line":18,"column":5}},"11":{"start":{"line":17,"column":6},"end":{"line":17,"column":73}},"12":{"start":{"line":20,"column":26},"end":{"line":20,"column":71}},"13":{"start":{"line":22,"column":4},"end":{"line":24,"column":5}},"14":{"start":{"line":23,"column":6},"end":{"line":23,"column":66}},"15":{"start":{"line":26,"column":18},"end":{"line":30,"column":5}},"16":{"start":{"line":31,"column":4},"end":{"line":31,"column":36}},"17":{"start":{"line":33,"column":4},"end":{"line":33,"column":73}}},"fnMap":{"0":{"name":"(anonymous_0)","decl":{"start":{"line":6,"column":16},"end":{"line":6,"column":17}},"loc":{"start":{"line":6,"column":36},"end":{"line":35,"column":1}},"line":6}},"branchMap":{"0":{"loc":{"start":{"line":10,"column":4},"end":{"line":12,"column":5}},"type":"if","locations":[{"start":{"line":10,"column":4},"end":{"line":12,"column":5}},{"start":{},"end":{}}],"line":10},"1":{"loc":{"start":{"line":10,"column":8},"end":{"line":10,"column":27}},"type":"binary-expr","locations":[{"start":{"line":10,"column":8},"end":{"line":10,"column":14}},{"start":{"line":10,"column":18},"end":{"line":10,"column":27}}],"line":10},"2":{"loc":{"start":{"line":16,"column":4},"end":{"line":18,"column":5}},"type":"if","locations":[{"start":{"line":16,"column":4},"end":{"line":18,"column":5}},{"start":{},"end":{}}],"line":16},"3":{"loc":{"start":{"line":22,"column":4},"end":{"line":24,"column":5}},"type":"if","locations":[{"start":{"line":22,"column":4},"end":{"line":24,"column":5}},{"start":{},"end":{}}],"line":22}},"s":{"0":1,"1":1,"2":1,"3":1,"4":1,"5":3,"6":3,"7":3,"8":0,"9":3,"10":3,"11":1,"12":2,"13":2,"14":1,"15":1,"16":1,"17":0},"f":{"0":3},"b":{"0":[0,3],"1":[3,3],"2":[1,2],"3":[1,1]},"_coverageSchema":"1a1c01bbd47fc00a2c39e90264f33305004495a9","hash":"837c06188d0311785d28b58537346bafcde738d3"}
,"C:\\Users\\carol\\SAP010-burger-queen-api\\controllers\\orderController.js": {"path":"C:\\Users\\carol\\SAP010-burger-queen-api\\controllers\\orderController.js","statementMap":{"0":{"start":{"line":1,"column":14},"end":{"line":1,"column":40}},"1":{"start":{"line":3,"column":0},"end":{"line":10,"column":2}},"2":{"start":{"line":4,"column":2},"end":{"line":9,"column":3}},"3":{"start":{"line":5,"column":19},"end":{"line":5,"column":40}},"4":{"start":{"line":6,"column":4},"end":{"line":6,"column":33}},"5":{"start":{"line":8,"column":4},"end":{"line":8,"column":62}},"6":{"start":{"line":12,"column":0},"end":{"line":25,"column":2}},"7":{"start":{"line":13,"column":2},"end":{"line":24,"column":3}},"8":{"start":{"line":14,"column":24},"end":{"line":14,"column":34}},"9":{"start":{"line":15,"column":18},"end":{"line":15,"column":65}},"10":{"start":{"line":17,"column":4},"end":{"line":19,"column":5}},"11":{"start":{"line":18,"column":6},"end":{"line":18,"column":79}},"12":{"start":{"line":21,"column":4},"end":{"line":21,"column":39}},"13":{"start":{"line":23,"column":4},"end":{"line":23,"column":71}},"14":{"start":{"line":27,"column":0},"end":{"line":47,"column":2}},"15":{"start":{"line":28,"column":2},"end":{"line":46,"column":3}},"16":{"start":{"line":34,"column":8},"end":{"line":34,"column":16}},"17":{"start":{"line":36,"column":21},"end":{"line":41,"column":6}},"18":{"start":{"line":43,"column":4},"end":{"line":43,"column":35}},"19":{"start":{"line":45,"column":4},"end":{"line":45,"column":60}},"20":{"start":{"line":49,"column":0},"end":{"line":73,"column":2}},"21":{"start":{"line":50,"column":2},"end":{"line":72,"column":3}},"22":{"start":{"line":51,"column":19},"end":{"line":51,"column":29}},"23":{"start":{"line":57,"column":8},"end":{"line":57,"column":16}},"24":{"start":{"line":59,"column":4},"end":{"line":67,"column":6}},"25":{"start":{"line":69,"column":4},"end":{"line":69,"column":71}},"26":{"start":{"line":71,"column":4},"end":{"line":71,"column":64}},"27":{"start":{"line":75,"column":0},"end":{"line":85,"column":2}},"28":{"start":{"line":76,"column":2},"end":{"line":84,"column":3}},"29":{"start":{"line":77,"column":19},"end":{"line":77,"column":29}},"30":{"start":{"line":79,"column":4},"end":{"line":79,"column":43}},"31":{"start":{"line":81,"column":4},"end":{"line":81,"column":69}},"32":{"start":{"line":83,"column":4},"end":{"line":83,"column":62}}},"fnMap":{"0":{"name":"(anonymous_0)","decl":{"start":{"line":3,"column":21},"end":{"line":3,"column":22}},"loc":{"start":{"line":3,"column":41},"end":{"line":10,"column":1}},"line":3},"1":{"name":"(anonymous_1)","decl":{"start":{"line":12,"column":20},"end":{"line":12,"column":21}},"loc":{"start":{"line":12,"column":40},"end":{"line":25,"column":1}},"line":12},"2":{"name":"(anonymous_2)","decl":{"start":{"line":27,"column":22},"end":{"line":27,"column":23}},"loc":{"start":{"line":27,"column":42},"end":{"line":47,"column":1}},"line":27},"3":{"name":"(anonymous_3)","decl":{"start":{"line":49,"column":22},"end":{"line":49,"column":23}},"loc":{"start":{"line":49,"column":42},"end":{"line":73,"column":1}},"line":49},"4":{"name":"(anonymous_4)","decl":{"start":{"line":75,"column":22},"end":{"line":75,"column":23}},"loc":{"start":{"line":75,"column":42},"end":{"line":85,"column":1}},"line":75}},"branchMap":{"0":{"loc":{"start":{"line":17,"column":4},"end":{"line":19,"column":5}},"type":"if","locations":[{"start":{"line":17,"column":4},"end":{"line":19,"column":5}},{"start":{},"end":{}}],"line":17}},"s":{"0":1,"1":1,"2":1,"3":1,"4":1,"5":0,"6":1,"7":2,"8":2,"9":2,"10":2,"11":1,"12":1,"13":0,"14":1,"15":2,"16":2,"17":2,"18":1,"19":1,"20":1,"21":2,"22":2,"23":2,"24":2,"25":1,"26":1,"27":1,"28":2,"29":2,"30":2,"31":1,"32":1},"f":{"0":1,"1":2,"2":2,"3":2,"4":2},"b":{"0":[1,1]},"_coverageSchema":"1a1c01bbd47fc00a2c39e90264f33305004495a9","hash":"0c7af1d73629d1e27d7b2e0d3ac199d224f0985d"}
,"C:\\Users\\carol\\SAP010-burger-queen-api\\controllers\\productController.js": {"path":"C:\\Users\\carol\\SAP010-burger-queen-api\\controllers\\productController.js","statementMap":{"0":{"start":{"line":1,"column":16},"end":{"line":1,"column":44}},"1":{"start":{"line":3,"column":0},"end":{"line":10,"column":2}},"2":{"start":{"line":4,"column":2},"end":{"line":9,"column":3}},"3":{"start":{"line":5,"column":21},"end":{"line":5,"column":44}},"4":{"start":{"line":6,"column":4},"end":{"line":6,"column":35}},"5":{"start":{"line":8,"column":4},"end":{"line":8,"column":63}},"6":{"start":{"line":12,"column":0},"end":{"line":25,"column":2}},"7":{"start":{"line":13,"column":2},"end":{"line":24,"column":3}},"8":{"start":{"line":14,"column":22},"end":{"line":14,"column":32}},"9":{"start":{"line":15,"column":20},"end":{"line":15,"column":71}},"10":{"start":{"line":17,"column":4},"end":{"line":19,"column":5}},"11":{"start":{"line":18,"column":6},"end":{"line":18,"column":80}},"12":{"start":{"line":21,"column":4},"end":{"line":21,"column":41}},"13":{"start":{"line":23,"column":4},"end":{"line":23,"column":71}},"14":{"start":{"line":27,"column":0},"end":{"line":47,"column":2}},"15":{"start":{"line":28,"column":2},"end":{"line":46,"column":3}},"16":{"start":{"line":34,"column":8},"end":{"line":34,"column":16}},"17":{"start":{"line":36,"column":23},"end":{"line":41,"column":6}},"18":{"start":{"line":43,"column":4},"end":{"line":43,"column":37}},"19":{"start":{"line":45,"column":4},"end":{"line":45,"column":61}},"20":{"start":{"line":49,"column":0},"end":{"line":73,"column":2}},"21":{"start":{"line":50,"column":2},"end":{"line":72,"column":3}},"22":{"start":{"line":51,"column":19},"end":{"line":51,"column":29}},"23":{"start":{"line":57,"column":8},"end":{"line":57,"column":16}},"24":{"start":{"line":59,"column":4},"end":{"line":67,"column":6}},"25":{"start":{"line":69,"column":4},"end":{"line":69,"column":72}},"26":{"start":{"line":71,"column":4},"end":{"line":71,"column":65}},"27":{"start":{"line":75,"column":0},"end":{"line":85,"column":2}},"28":{"start":{"line":76,"column":2},"end":{"line":84,"column":3}},"29":{"start":{"line":77,"column":19},"end":{"line":77,"column":29}},"30":{"start":{"line":79,"column":4},"end":{"line":79,"column":45}},"31":{"start":{"line":81,"column":4},"end":{"line":81,"column":70}},"32":{"start":{"line":83,"column":4},"end":{"line":83,"column":63}}},"fnMap":{"0":{"name":"(anonymous_0)","decl":{"start":{"line":3,"column":23},"end":{"line":3,"column":24}},"loc":{"start":{"line":3,"column":43},"end":{"line":10,"column":1}},"line":3},"1":{"name":"(anonymous_1)","decl":{"start":{"line":12,"column":22},"end":{"line":12,"column":23}},"loc":{"start":{"line":12,"column":42},"end":{"line":25,"column":1}},"line":12},"2":{"name":"(anonymous_2)","decl":{"start":{"line":27,"column":24},"end":{"line":27,"column":25}},"loc":{"start":{"line":27,"column":44},"end":{"line":47,"column":1}},"line":27},"3":{"name":"(anonymous_3)","decl":{"start":{"line":49,"column":24},"end":{"line":49,"column":25}},"loc":{"start":{"line":49,"column":44},"end":{"line":73,"column":1}},"line":49},"4":{"name":"(anonymous_4)","decl":{"start":{"line":75,"column":24},"end":{"line":75,"column":25}},"loc":{"start":{"line":75,"column":44},"end":{"line":85,"column":1}},"line":75}},"branchMap":{"0":{"loc":{"start":{"line":17,"column":4},"end":{"line":19,"column":5}},"type":"if","locations":[{"start":{"line":17,"column":4},"end":{"line":19,"column":5}},{"start":{},"end":{}}],"line":17}},"s":{"0":1,"1":1,"2":1,"3":1,"4":1,"5":0,"6":1,"7":2,"8":2,"9":2,"10":2,"11":1,"12":1,"13":0,"14":1,"15":2,"16":2,"17":2,"18":1,"19":1,"20":1,"21":2,"22":2,"23":2,"24":2,"25":1,"26":1,"27":1,"28":2,"29":2,"30":2,"31":1,"32":1},"f":{"0":1,"1":2,"2":2,"3":2,"4":2},"b":{"0":[1,1]},"_coverageSchema":"1a1c01bbd47fc00a2c39e90264f33305004495a9","hash":"8580b5b629367ebab57b60eef166117d630a08e7"}
,"C:\\Users\\carol\\SAP010-burger-queen-api\\controllers\\userController.js": {"path":"C:\\Users\\carol\\SAP010-burger-queen-api\\controllers\\userController.js","statementMap":{"0":{"start":{"line":1,"column":15},"end":{"line":1,"column":32}},"1":{"start":{"line":2,"column":13},"end":{"line":2,"column":38}},"2":{"start":{"line":4,"column":0},"end":{"line":11,"column":2}},"3":{"start":{"line":5,"column":2},"end":{"line":10,"column":3}},"4":{"start":{"line":6,"column":18},"end":{"line":6,"column":38}},"5":{"start":{"line":7,"column":4},"end":{"line":7,"column":32}},"6":{"start":{"line":9,"column":4},"end":{"line":9,"column":63}},"7":{"start":{"line":13,"column":0},"end":{"line":26,"column":2}},"8":{"start":{"line":14,"column":2},"end":{"line":25,"column":3}},"9":{"start":{"line":15,"column":19},"end":{"line":15,"column":32}},"10":{"start":{"line":16,"column":17},"end":{"line":16,"column":62}},"11":{"start":{"line":18,"column":4},"end":{"line":20,"column":5}},"12":{"start":{"line":19,"column":6},"end":{"line":19,"column":71}},"13":{"start":{"line":22,"column":4},"end":{"line":22,"column":38}},"14":{"start":{"line":24,"column":4},"end":{"line":24,"column":71}},"15":{"start":{"line":28,"column":0},"end":{"line":47,"column":2}},"16":{"start":{"line":29,"column":2},"end":{"line":46,"column":3}},"17":{"start":{"line":34,"column":8},"end":{"line":34,"column":16}},"18":{"start":{"line":36,"column":27},"end":{"line":36,"column":58}},"19":{"start":{"line":37,"column":20},"end":{"line":41,"column":6}},"20":{"start":{"line":43,"column":4},"end":{"line":43,"column":34}},"21":{"start":{"line":45,"column":4},"end":{"line":45,"column":61}},"22":{"start":{"line":49,"column":0},"end":{"line":71,"column":2}},"23":{"start":{"line":50,"column":2},"end":{"line":70,"column":3}},"24":{"start":{"line":51,"column":19},"end":{"line":51,"column":29}},"25":{"start":{"line":56,"column":8},"end":{"line":56,"column":16}},"26":{"start":{"line":58,"column":4},"end":{"line":65,"column":6}},"27":{"start":{"line":67,"column":4},"end":{"line":67,"column":69}},"28":{"start":{"line":69,"column":4},"end":{"line":69,"column":65}},"29":{"start":{"line":73,"column":0},"end":{"line":83,"column":2}},"30":{"start":{"line":74,"column":2},"end":{"line":82,"column":3}},"31":{"start":{"line":75,"column":19},"end":{"line":75,"column":29}},"32":{"start":{"line":77,"column":4},"end":{"line":77,"column":42}},"33":{"start":{"line":79,"column":4},"end":{"line":79,"column":70}},"34":{"start":{"line":81,"column":4},"end":{"line":81,"column":63}}},"fnMap":{"0":{"name":"(anonymous_0)","decl":{"start":{"line":4,"column":20},"end":{"line":4,"column":21}},"loc":{"start":{"line":4,"column":40},"end":{"line":11,"column":1}},"line":4},"1":{"name":"(anonymous_1)","decl":{"start":{"line":13,"column":19},"end":{"line":13,"column":20}},"loc":{"start":{"line":13,"column":39},"end":{"line":26,"column":1}},"line":13},"2":{"name":"(anonymous_2)","decl":{"start":{"line":28,"column":21},"end":{"line":28,"column":22}},"loc":{"start":{"line":28,"column":41},"end":{"line":47,"column":1}},"line":28},"3":{"name":"(anonymous_3)","decl":{"start":{"line":49,"column":21},"end":{"line":49,"column":22}},"loc":{"start":{"line":49,"column":41},"end":{"line":71,"column":1}},"line":49},"4":{"name":"(anonymous_4)","decl":{"start":{"line":73,"column":21},"end":{"line":73,"column":22}},"loc":{"start":{"line":73,"column":41},"end":{"line":83,"column":1}},"line":73}},"branchMap":{"0":{"loc":{"start":{"line":18,"column":4},"end":{"line":20,"column":5}},"type":"if","locations":[{"start":{"line":18,"column":4},"end":{"line":20,"column":5}},{"start":{},"end":{}}],"line":18}},"s":{"0":1,"1":1,"2":1,"3":2,"4":2,"5":1,"6":1,"7":1,"8":3,"9":3,"10":3,"11":2,"12":1,"13":1,"14":1,"15":1,"16":2,"17":2,"18":2,"19":2,"20":1,"21":1,"22":1,"23":2,"24":2,"25":2,"26":2,"27":1,"28":1,"29":1,"30":2,"31":2,"32":2,"33":1,"34":1},"f":{"0":2,"1":3,"2":2,"3":2,"4":2},"b":{"0":[1,1]},"_coverageSchema":"1a1c01bbd47fc00a2c39e90264f33305004495a9","hash":"800173f2a91889af0dcbfb9c0e16962a48cf1681"}
}
