TN:
SF:config.js
FNF:0
FNH:0
DA:1,1
DA:3,1
DA:15,1
DA:16,1
DA:17,1
DA:18,1
DA:19,1
DA:21,1
LF:8
LH:8
BRDA:9,0,0,1
BRDA:9,0,1,0
BRDA:18,1,0,1
BRDA:18,1,1,1
BRDA:19,2,0,1
BRDA:19,2,1,1
BRF:6
BRH:5
end_of_record
TN:
SF:controllers\authController.js
FN:6,(anonymous_0)
FNF:1
FNH:1
FNDA:3,(anonymous_0)
DA:1,1
DA:2,1
DA:3,1
DA:4,1
DA:6,1
DA:7,3
DA:8,3
DA:10,3
DA:11,0
DA:14,3
DA:16,3
DA:17,1
DA:20,2
DA:22,2
DA:23,1
DA:26,1
DA:31,1
DA:33,0
LF:18
LH:16
BRDA:10,0,0,0
BRDA:10,0,1,3
BRDA:10,1,0,3
BRDA:10,1,1,3
BRDA:16,2,0,1
BRDA:16,2,1,2
BRDA:22,3,0,1
BRDA:22,3,1,1
BRF:8
BRH:7
end_of_record
TN:
SF:controllers\orderController.js
FN:3,(anonymous_0)
FN:12,(anonymous_1)
FN:27,(anonymous_2)
FN:49,(anonymous_3)
FN:75,(anonymous_4)
FNF:5
FNH:5
FNDA:1,(anonymous_0)
FNDA:2,(anonymous_1)
FNDA:2,(anonymous_2)
FNDA:2,(anonymous_3)
FNDA:2,(anonymous_4)
DA:1,1
DA:3,1
DA:4,1
DA:5,1
DA:6,1
DA:8,0
DA:12,1
DA:13,2
DA:14,2
DA:15,2
DA:17,2
DA:18,1
DA:21,1
DA:23,0
DA:27,1
DA:28,2
DA:34,2
DA:36,2
DA:43,1
DA:45,1
DA:49,1
DA:50,2
DA:51,2
DA:57,2
DA:59,2
DA:69,1
DA:71,1
DA:75,1
DA:76,2
DA:77,2
DA:79,2
DA:81,1
DA:83,1
LF:33
LH:31
BRDA:17,0,0,1
BRDA:17,0,1,1
BRF:2
BRH:2
end_of_record
TN:
SF:controllers\productController.js
FN:3,(anonymous_0)
FN:12,(anonymous_1)
FN:27,(anonymous_2)
FN:49,(anonymous_3)
FN:75,(anonymous_4)
FNF:5
FNH:5
FNDA:1,(anonymous_0)
FNDA:2,(anonymous_1)
FNDA:2,(anonymous_2)
FNDA:2,(anonymous_3)
FNDA:2,(anonymous_4)
DA:1,1
DA:3,1
DA:4,1
DA:5,1
DA:6,1
DA:8,0
DA:12,1
DA:13,2
DA:14,2
DA:15,2
DA:17,2
DA:18,1
DA:21,1
DA:23,0
DA:27,1
DA:28,2
DA:34,2
DA:36,2
DA:43,1
DA:45,1
DA:49,1
DA:50,2
DA:51,2
DA:57,2
DA:59,2
DA:69,1
DA:71,1
DA:75,1
DA:76,2
DA:77,2
DA:79,2
DA:81,1
DA:83,1
LF:33
LH:31
BRDA:17,0,0,1
BRDA:17,0,1,1
BRF:2
BRH:2
end_of_record
TN:
SF:controllers\userController.js
FN:4,(anonymous_0)
FN:13,(anonymous_1)
FN:28,(anonymous_2)
FN:49,(anonymous_3)
FN:73,(anonymous_4)
FNF:5
FNH:5
FNDA:2,(anonymous_0)
FNDA:3,(anonymous_1)
FNDA:2,(anonymous_2)
FNDA:2,(anonymous_3)
FNDA:2,(anonymous_4)
DA:1,1
DA:2,1
DA:4,1
DA:5,2
DA:6,2
DA:7,1
DA:9,1
DA:13,1
DA:14,3
DA:15,3
DA:16,3
DA:18,2
DA:19,1
DA:22,1
DA:24,1
DA:28,1
DA:29,2
DA:34,2
DA:36,2
DA:37,2
DA:43,1
DA:45,1
DA:49,1
DA:50,2
DA:51,2
DA:56,2
DA:58,2
DA:67,1
DA:69,1
DA:73,1
DA:74,2
DA:75,2
DA:77,2
DA:79,1
DA:81,1
LF:35
LH:35
BRDA:18,0,0,1
BRDA:18,0,1,1
BRF:2
BRH:2
end_of_record
